<?xml version="1.0" encoding="UTF-8"?>
<!-- Generated by org.testng.reporters.JUnitReportReporter -->
<testsuite hostname="LAPTOP-9FDKH1JV" failures="0" tests="1" name="com.testserver.testcases.BDisposition_Test" time="3.689" errors="0" timestamp="2024-06-05T18:36:28 IST" skipped="0">
  <testcase classname="com.testserver.testcases.BDisposition_Test" name="clickOnDispositionlinkTest" time="3.689"/>
  <system-out>
    <![CDATA[BCL Fisrt screen updated succussfully]]>
  </system-out>
</testsuite> <!-- com.testserver.testcases.BDisposition_Test -->
