<?xml version="1.0" encoding="UTF-8"?>
<!-- Generated by org.testng.reporters.JUnitReportReporter -->
<testsuite hostname="LAPTOP-9FDKH1JV" failures="0" tests="29" name="com.testserver.testcases.DInsurance_Test" time="77.647" errors="0" timestamp="2024-06-05T18:36:28 IST" skipped="0">
  <testcase classname="com.testserver.testcases.DInsurance_Test" name="Insurance1" time="2.044"/>
  <testcase classname="com.testserver.testcases.DInsurance_Test" name="insuSelectItem" time="5.398"/>
  <testcase classname="com.testserver.testcases.DInsurance_Test" name="insuClaimSubmitionDate" time="4.280"/>
  <testcase classname="com.testserver.testcases.DInsurance_Test" name="insuClaimAmount" time="1.301"/>
  <testcase classname="com.testserver.testcases.DInsurance_Test" name="insuAddRemarks" time="1.208"/>
  <testcase classname="com.testserver.testcases.DInsurance_Test" name="insuAttachDoc" time="2.669"/>
  <testcase classname="com.testserver.testcases.DInsurance_Test" name="insuConfirmFirst" time="3.133"/>
  <testcase classname="com.testserver.testcases.DInsurance_Test" name="insuUpdateCallSelectItem" time="3.137"/>
  <testcase classname="com.testserver.testcases.DInsurance_Test" name="insuUpdateClaimCallLog" time="3.126"/>
  <testcase classname="com.testserver.testcases.DInsurance_Test" name="insuEnterCallLog" time="1.315"/>
  <testcase classname="com.testserver.testcases.DInsurance_Test" name="insuConfirmSecond" time="1.665"/>
  <testcase classname="com.testserver.testcases.DInsurance_Test" name="insuSurveyorSelectItem" time="2.146"/>
  <testcase classname="com.testserver.testcases.DInsurance_Test" name="insuSurveyorClaimInspectionDate" time="6.225"/>
  <testcase classname="com.testserver.testcases.DInsurance_Test" name="InsuSurveyorAddRemarks" time="0.800"/>
  <testcase classname="com.testserver.testcases.DInsurance_Test" name="insuAttachDocInspection" time="3.106"/>
  <testcase classname="com.testserver.testcases.DInsurance_Test" name="insuConfirmThird" time="1.603"/>
  <testcase classname="com.testserver.testcases.DInsurance_Test" name="insuClaimResolutionApprove" time="2.818"/>
  <testcase classname="com.testserver.testcases.DInsurance_Test" name="insuClaimResolutionApprovelDate" time="5.271"/>
  <testcase classname="com.testserver.testcases.DInsurance_Test" name="insuClaimResolutionApprovedAmount" time="0.272"/>
  <testcase classname="com.testserver.testcases.DInsurance_Test" name="insuClaimResolutionAddRemarks" time="0.362"/>
  <testcase classname="com.testserver.testcases.DInsurance_Test" name="insuAttachDocClaimresolution" time="3.160"/>
  <testcase classname="com.testserver.testcases.DInsurance_Test" name="insuConfirmFourth" time="2.122"/>
  <testcase classname="com.testserver.testcases.DInsurance_Test" name="insuPendingLiquidationSelectItem" time="8.902"/>
  <testcase classname="com.testserver.testcases.DInsurance_Test" name="insuPendingLiquidSetDisposition" time="1.114"/>
  <testcase classname="com.testserver.testcases.DInsurance_Test" name="insuSetDispositionLiquidation" time="1.154"/>
  <testcase classname="com.testserver.testcases.DInsurance_Test" name="insuPendingLiquidationAddRemarks" time="1.868"/>
  <testcase classname="com.testserver.testcases.DInsurance_Test" name="insuAttachDocPendingLiqui" time="3.159"/>
  <testcase classname="com.testserver.testcases.DInsurance_Test" name="insuConfirm5th" time="2.141"/>
  <testcase classname="com.testserver.testcases.DInsurance_Test" name="Disposition" time="2.148"/>
  <system-out>
    <![CDATA[BCL Fisrt screen updated succussfully]]>
  </system-out>
</testsuite> <!-- com.testserver.testcases.DInsurance_Test -->
