<?xml version="1.0" encoding="UTF-8"?>
<!-- Generated by org.testng.reporters.JUnitReportReporter -->
<testsuite hostname="LAPTOP-9FDKH1JV" failures="0" tests="1" name="com.testserver.testcases.BDisposition_Test" time="0.000" errors="0" timestamp="2024-06-05T14:01:56 IST" skipped="1">
  <testcase classname="com.testserver.testcases.BDisposition_Test" name="clickOnDispositionlinkTest" time="0.000">
    <skipped/>
  </testcase> <!-- clickOnDispositionlinkTest -->
  <system-out/>
</testsuite> <!-- com.testserver.testcases.BDisposition_Test -->
