<?xml version="1.0" encoding="UTF-8"?>
<!-- Generated by org.testng.reporters.JUnitReportReporter -->
<testsuite hostname="LAPTOP-9FDKH1JV" failures="0" tests="32" name="com.testserver.testcases.CBrandcalllog_Test" time="0.000" errors="0" timestamp="2024-06-05T14:03:07 IST" skipped="32">
  <testcase classname="com.testserver.testcases.CBrandcalllog_Test" name="clickBCL" time="0.000">
    <skipped/>
  </testcase> <!-- clickBCL -->
  <system-out/>
  <testcase classname="com.testserver.testcases.CBrandcalllog_Test" name="bclSelectTag" time="0.000">
    <skipped/>
  </testcase> <!-- bclSelectTag -->
  <system-out/>
  <testcase classname="com.testserver.testcases.CBrandcalllog_Test" name="bclUpdateIntiation" time="0.000">
    <skipped/>
  </testcase> <!-- bclUpdateIntiation -->
  <system-out/>
  <testcase classname="com.testserver.testcases.CBrandcalllog_Test" name="bclEmailDate" time="0.000">
    <skipped/>
  </testcase> <!-- bclEmailDate -->
  <system-out/>
  <testcase classname="com.testserver.testcases.CBrandcalllog_Test" name="bclInitiationLocation" time="0.000">
    <skipped/>
  </testcase> <!-- bclInitiationLocation -->
  <system-out/>
  <testcase classname="com.testserver.testcases.CBrandcalllog_Test" name="bclLocationInhouse" time="0.000">
    <skipped/>
  </testcase> <!-- bclLocationInhouse -->
  <system-out/>
  <testcase classname="com.testserver.testcases.CBrandcalllog_Test" name="bclAddremarks" time="0.000">
    <skipped/>
  </testcase> <!-- bclAddremarks -->
  <system-out/>
  <testcase classname="com.testserver.testcases.CBrandcalllog_Test" name="bclFirstConfirm" time="0.000">
    <skipped/>
  </testcase> <!-- bclFirstConfirm -->
  <system-out/>
  <testcase classname="com.testserver.testcases.CBrandcalllog_Test" name="bclSelectItem" time="0.000">
    <skipped/>
  </testcase> <!-- bclSelectItem -->
  <system-out/>
  <testcase classname="com.testserver.testcases.CBrandcalllog_Test" name="bclUpdateCallLogTag" time="0.000">
    <skipped/>
  </testcase> <!-- bclUpdateCallLogTag -->
  <system-out/>
  <testcase classname="com.testserver.testcases.CBrandcalllog_Test" name="bclEnterCallLog" time="0.000">
    <skipped/>
  </testcase> <!-- bclEnterCallLog -->
  <system-out/>
  <testcase classname="com.testserver.testcases.CBrandcalllog_Test" name="bclUpdateSecond" time="0.000">
    <skipped/>
  </testcase> <!-- bclUpdateSecond -->
  <system-out/>
  <testcase classname="com.testserver.testcases.CBrandcalllog_Test" name="bclInspectionSelectTag" time="0.000">
    <skipped/>
  </testcase> <!-- bclInspectionSelectTag -->
  <system-out/>
  <testcase classname="com.testserver.testcases.CBrandcalllog_Test" name="bclInspectionUpdate" time="0.000">
    <skipped/>
  </testcase> <!-- bclInspectionUpdate -->
  <system-out/>
  <testcase classname="com.testserver.testcases.CBrandcalllog_Test" name="bclEnterInvoice" time="0.000">
    <skipped/>
  </testcase> <!-- bclEnterInvoice -->
  <system-out/>
  <testcase classname="com.testserver.testcases.CBrandcalllog_Test" name="bclInspectionThird" time="0.000">
    <skipped/>
  </testcase> <!-- bclInspectionThird -->
  <system-out/>
  <testcase classname="com.testserver.testcases.CBrandcalllog_Test" name="bclSelectTagBrand" time="0.000">
    <skipped/>
  </testcase> <!-- bclSelectTagBrand -->
  <system-out/>
  <testcase classname="com.testserver.testcases.CBrandcalllog_Test" name="bclInspectionBrandInspection" time="0.000">
    <skipped/>
  </testcase> <!-- bclInspectionBrandInspection -->
  <system-out/>
  <testcase classname="com.testserver.testcases.CBrandcalllog_Test" name="bclBrandInspectionDate" time="0.000">
    <skipped/>
  </testcase> <!-- bclBrandInspectionDate -->
  <system-out/>
  <testcase classname="com.testserver.testcases.CBrandcalllog_Test" name="bclBrandInspectionLocation" time="0.000">
    <skipped/>
  </testcase> <!-- bclBrandInspectionLocation -->
  <system-out/>
  <testcase classname="com.testserver.testcases.CBrandcalllog_Test" name="bclBrandLocationInhouse" time="0.000">
    <skipped/>
  </testcase> <!-- bclBrandLocationInhouse -->
  <system-out/>
  <testcase classname="com.testserver.testcases.CBrandcalllog_Test" name="bclBrandInspectionRemarks" time="0.000">
    <skipped/>
  </testcase> <!-- bclBrandInspectionRemarks -->
  <system-out/>
  <testcase classname="com.testserver.testcases.CBrandcalllog_Test" name="bclBrandInspectionAttachDoc" time="0.000">
    <skipped/>
  </testcase> <!-- bclBrandInspectionAttachDoc -->
  <system-out/>
  <testcase classname="com.testserver.testcases.CBrandcalllog_Test" name="bclBrandInspectionConfirm" time="0.000">
    <skipped/>
  </testcase> <!-- bclBrandInspectionConfirm -->
  <system-out/>
  <testcase classname="com.testserver.testcases.CBrandcalllog_Test" name="bclResolutionSelectItem" time="0.000">
    <skipped/>
  </testcase> <!-- bclResolutionSelectItem -->
  <system-out/>
  <testcase classname="com.testserver.testcases.CBrandcalllog_Test" name="bclBrandResolution" time="0.000">
    <skipped/>
  </testcase> <!-- bclBrandResolution -->
  <system-out/>
  <testcase classname="com.testserver.testcases.CBrandcalllog_Test" name="bclBrandInspectionSetDisposition" time="0.000">
    <skipped/>
  </testcase> <!-- bclBrandInspectionSetDisposition -->
  <system-out/>
  <testcase classname="com.testserver.testcases.CBrandcalllog_Test" name="bclBrandSetDispoInsurance" time="0.000">
    <skipped/>
  </testcase> <!-- bclBrandSetDispoInsurance -->
  <system-out/>
  <testcase classname="com.testserver.testcases.CBrandcalllog_Test" name="bclBrandResolutionRemarks" time="0.000">
    <skipped/>
  </testcase> <!-- bclBrandResolutionRemarks -->
  <system-out/>
  <testcase classname="com.testserver.testcases.CBrandcalllog_Test" name="bclBrandResolutionAttachDoc" time="0.000">
    <skipped/>
  </testcase> <!-- bclBrandResolutionAttachDoc -->
  <system-out/>
  <testcase classname="com.testserver.testcases.CBrandcalllog_Test" name="bclBrandResolutionConfirm" time="0.000">
    <skipped/>
  </testcase> <!-- bclBrandResolutionConfirm -->
  <system-out/>
  <testcase classname="com.testserver.testcases.CBrandcalllog_Test" name="Disposition" time="0.000">
    <skipped/>
  </testcase> <!-- Disposition -->
  <system-out/>
</testsuite> <!-- com.testserver.testcases.CBrandcalllog_Test -->
