<?xml version="1.0" encoding="UTF-8"?>
<!-- Generated by org.testng.reporters.JUnitReportReporter -->
<testsuite hostname="LAPTOP-9FDKH1JV" failures="0" tests="14" name="com.testserver.testcases.FRTV_Test" time="0.000" errors="0" timestamp="2024-06-05T14:03:07 IST" skipped="14">
  <testcase classname="com.testserver.testcases.FRTV_Test" name="RTV" time="0.000">
    <skipped/>
  </testcase> <!-- RTV -->
  <system-out/>
  <testcase classname="com.testserver.testcases.FRTV_Test" name="rtvSelectItem" time="0.000">
    <skipped/>
  </testcase> <!-- rtvSelectItem -->
  <system-out/>
  <testcase classname="com.testserver.testcases.FRTV_Test" name="RTVSetDisposition" time="0.000">
    <skipped/>
  </testcase> <!-- RTVSetDisposition -->
  <system-out/>
  <testcase classname="com.testserver.testcases.FRTV_Test" name="RTVDispoToInsurance" time="0.000">
    <skipped/>
  </testcase> <!-- RTVDispoToInsurance -->
  <system-out/>
  <testcase classname="com.testserver.testcases.FRTV_Test" name="RTVAddRemarks" time="0.000">
    <skipped/>
  </testcase> <!-- RTVAddRemarks -->
  <system-out/>
  <testcase classname="com.testserver.testcases.FRTV_Test" name="RTVAttachDoc" time="0.000">
    <skipped/>
  </testcase> <!-- RTVAttachDoc -->
  <system-out/>
  <testcase classname="com.testserver.testcases.FRTV_Test" name="RTVConfirm" time="0.000">
    <skipped/>
  </testcase> <!-- RTVConfirm -->
  <system-out/>
  <testcase classname="com.testserver.testcases.FRTV_Test" name="rtvSelectItemForDispatch" time="0.000">
    <skipped/>
  </testcase> <!-- rtvSelectItemForDispatch -->
  <system-out/>
  <testcase classname="com.testserver.testcases.FRTV_Test" name="RTVMoveToDispatch" time="0.000">
    <skipped/>
  </testcase> <!-- RTVMoveToDispatch -->
  <system-out/>
  <testcase classname="com.testserver.testcases.FRTV_Test" name="RTVVendorcode" time="0.000">
    <skipped/>
  </testcase> <!-- RTVVendorcode -->
  <system-out/>
  <testcase classname="com.testserver.testcases.FRTV_Test" name="RTVVendorDropdown" time="0.000">
    <skipped/>
  </testcase> <!-- RTVVendorDropdown -->
  <system-out/>
  <testcase classname="com.testserver.testcases.FRTV_Test" name="RTVLotName" time="0.000">
    <skipped/>
  </testcase> <!-- RTVLotName -->
  <system-out/>
  <testcase classname="com.testserver.testcases.FRTV_Test" name="RTVConfirmDispatch" time="0.000">
    <skipped/>
  </testcase> <!-- RTVConfirmDispatch -->
  <system-out/>
  <testcase classname="com.testserver.testcases.FRTV_Test" name="RTVDispatchOkbutton" time="0.000">
    <skipped/>
  </testcase> <!-- RTVDispatchOkbutton -->
  <system-out/>
</testsuite> <!-- com.testserver.testcases.FRTV_Test -->
