<?xml version="1.0" encoding="UTF-8"?>
<!-- Generated by org.testng.reporters.JUnitReportReporter -->
<testsuite hostname="LAPTOP-9FDKH1JV" failures="0" tests="14" name="com.testserver.testcases.FRTV_Test" time="25.108" errors="0" timestamp="2024-06-08T11:28:42 IST" skipped="0">
  <testcase classname="com.testserver.testcases.FRTV_Test" name="RTV" time="1.865"/>
  <testcase classname="com.testserver.testcases.FRTV_Test" name="rtvSelectItem" time="1.655"/>
  <testcase classname="com.testserver.testcases.FRTV_Test" name="RTVSetDisposition" time="1.651"/>
  <testcase classname="com.testserver.testcases.FRTV_Test" name="RTVDispoToInsurance" time="1.648"/>
  <testcase classname="com.testserver.testcases.FRTV_Test" name="RTVAddRemarks" time="0.858"/>
  <testcase classname="com.testserver.testcases.FRTV_Test" name="RTVAttachDoc" time="2.631"/>
  <testcase classname="com.testserver.testcases.FRTV_Test" name="RTVConfirm" time="2.123"/>
  <testcase classname="com.testserver.testcases.FRTV_Test" name="rtvSelectItemForDispatch" time="3.252"/>
  <testcase classname="com.testserver.testcases.FRTV_Test" name="RTVMoveToDispatch" time="2.201"/>
  <testcase classname="com.testserver.testcases.FRTV_Test" name="RTVVendorcode" time="0.207"/>
  <testcase classname="com.testserver.testcases.FRTV_Test" name="RTVVendorDropdown" time="2.301"/>
  <testcase classname="com.testserver.testcases.FRTV_Test" name="RTVLotName" time="0.852"/>
  <testcase classname="com.testserver.testcases.FRTV_Test" name="RTVConfirmDispatch" time="1.607"/>
  <testcase classname="com.testserver.testcases.FRTV_Test" name="RTVDispatchOkbutton" time="2.257"/>
  <system-out>
    <![CDATA[BCL Fisrt screen updated succussfully]]>
  </system-out>
</testsuite> <!-- com.testserver.testcases.FRTV_Test -->
