<?xml version="1.0" encoding="UTF-8"?>
<!-- Generated by org.testng.reporters.JUnitReportReporter -->
<testsuite hostname="LAPTOP-9FDKH1JV" failures="0" tests="2" name="com.testserver.testcases.ZLogout_Test" time="2.294" errors="0" timestamp="2024-06-08T11:28:42 IST" skipped="0">
  <testcase classname="com.testserver.testcases.ZLogout_Test" name="logout" time="1.191"/>
  <testcase classname="com.testserver.testcases.ZLogout_Test" name="Logout_Test" time="1.103"/>
  <system-out>
    <![CDATA[BCL Fisrt screen updated succussfully]]>
  </system-out>
</testsuite> <!-- com.testserver.testcases.ZLogout_Test -->
