<?xml version="1.0" encoding="UTF-8"?>
<!-- Generated by org.testng.reporters.JUnitReportReporter -->
<testsuite hostname="LAPTOP-9FDKH1JV" failures="0" tests="1" name="com.testserver.testcases.ALogin_QATest" time="5.365" errors="0" timestamp="2024-06-08T11:28:42 IST" skipped="0">
  <testcase classname="com.testserver.testcases.ALogin_QATest" name="loginTest" time="5.365"/>
  <system-out>
    <![CDATA[BCL Fisrt screen updated succussfully]]>
  </system-out>
</testsuite> <!-- com.testserver.testcases.ALogin_QATest -->
